<?xml version="1.0" encoding="UTF-8"?>
<!-- Generated by org.testng.reporters.JUnitReportReporter -->
<testsuite skipped="0" hostname="DESKTOP-20DAHI5" name="org.winvinaya.infosystems.web.testauto.test.testsuites.WebTestInfosystemsWeb" tests="1" failures="0" timestamp="13 May 2022 10:25:56 GMT" time="34.397" errors="0">
  <testcase name="AcdemyLoginTest" time="34.397" classname="org.winvinaya.infosystems.web.testauto.test.testsuites.WebTestInfosystemsWeb"/>
</testsuite> <!-- org.winvinaya.infosystems.web.testauto.test.testsuites.WebTestInfosystemsWeb -->
