<?xml version="1.0" encoding="UTF-8"?>
<!-- Generated by org.testng.reporters.JUnitReportReporter -->
<testsuite skipped="0" hostname="DESKTOP-20DAHI5" name="org.winvinaya.infosystems.web.testauto.test.testsuites.WebTestInfosystemsWeb" tests="1" failures="0" timestamp="08 Jun 2022 11:23:54 GMT" time="38.795" errors="0">
  <testcase name="AcdemyLoginTest" time="38.795" classname="org.winvinaya.infosystems.web.testauto.test.testsuites.WebTestInfosystemsWeb"/>
</testsuite> <!-- org.winvinaya.infosystems.web.testauto.test.testsuites.WebTestInfosystemsWeb -->
