<?xml version="1.0" encoding="UTF-8"?>
<!-- Generated by org.testng.reporters.JUnitReportReporter -->
<testsuite skipped="0" hostname="DESKTOP-20DAHI5" name="org.winvinaya.foundation.web.testauto.test.testsuites.WebTestFoundationWeb" tests="1" failures="0" timestamp="13 May 2022 10:17:53 GMT" time="20.324" errors="0">
  <testcase name="AcdemyLoginTest" time="20.324" classname="org.winvinaya.foundation.web.testauto.test.testsuites.WebTestFoundationWeb"/>
</testsuite> <!-- org.winvinaya.foundation.web.testauto.test.testsuites.WebTestFoundationWeb -->
