<?xml version="1.0" encoding="UTF-8"?>
<!-- Generated by org.testng.reporters.JUnitReportReporter -->
<testsuite skipped="0" hostname="DESKTOP-20DAHI5" name="org.winvinaya.academy.testauto.test.testsuites.WebTestUserLoadingTime" tests="1" failures="0" timestamp="13 May 2022 06:46:23 GMT" time="108.099" errors="0">
  <testcase name="AcdemyLoginTest" time="108.099" classname="org.winvinaya.academy.testauto.test.testsuites.WebTestUserLoadingTime"/>
</testsuite> <!-- org.winvinaya.academy.testauto.test.testsuites.WebTestUserLoadingTime -->
