<?xml version="1.0" encoding="UTF-8"?>
<!-- Generated by org.testng.reporters.JUnitReportReporter -->
<testsuite skipped="0" hostname="DESKTOP-49DAN1U" name="org.winvinaya.academy.testauto.test.testsuites.WebTestSessionCreationToTeam" tests="1" failures="0" timestamp="18 Apr 2022 05:43:17 GMT" time="102.559" errors="0">
  <testcase name="AcdemyLoginTest" time="102.559" classname="org.winvinaya.academy.testauto.test.testsuites.WebTestSessionCreationToTeam"/>
</testsuite> <!-- org.winvinaya.academy.testauto.test.testsuites.WebTestSessionCreationToTeam -->
