<?xml version="1.0" encoding="UTF-8"?>
<!-- Generated by org.testng.reporters.JUnitReportReporter -->
<testsuite skipped="0" hostname="DESKTOP-20DAHI5" name="org.winvinaya.academy.testauto.test.testsuites.WebTestUserLoadingTime" tests="1" failures="0" timestamp="13 May 2022 09:34:24 GMT" time="128.618" errors="0">
  <testcase name="AcdemyLoginTest" time="128.618" classname="org.winvinaya.academy.testauto.test.testsuites.WebTestUserLoadingTime"/>
</testsuite> <!-- org.winvinaya.academy.testauto.test.testsuites.WebTestUserLoadingTime -->
