<?xml version="1.0" encoding="UTF-8"?>
<!-- Generated by org.testng.reporters.JUnitReportReporter -->
<testsuite skipped="0" hostname="DESKTOP-20DAHI5" name="org.winvinaya.infosystems.web.testauto.test.testsuites.WebTestInfosystemsWeb" tests="1" failures="0" timestamp="11 May 2022 10:31:32 GMT" time="37.559" errors="0">
  <testcase name="AcdemyLoginTest" time="37.559" classname="org.winvinaya.infosystems.web.testauto.test.testsuites.WebTestInfosystemsWeb"/>
</testsuite> <!-- org.winvinaya.infosystems.web.testauto.test.testsuites.WebTestInfosystemsWeb -->
