<?xml version="1.0" encoding="UTF-8"?>
<!-- Generated by org.testng.reporters.JUnitReportReporter -->
<testsuite hostname="DESKTOP-49DAN1U" failures="0" tests="1" name="org.winvinaya.academy.testauto.test.testsuites.WebTestUserLoadingTime" time="215.364" errors="0" timestamp="16 Jul 2022 06:50:50 GMT" skipped="0">
  <testcase classname="org.winvinaya.academy.testauto.test.testsuites.WebTestUserLoadingTime" name="AcdemyLoginTest" time="215.364"/>
</testsuite> <!-- org.winvinaya.academy.testauto.test.testsuites.WebTestUserLoadingTime -->
